{"level":"info","message":"User Service running on port 4000","service":"product-service","timestamp":"2025-10-08T13:20:05.612Z"}
{"level":"info","message":"Product Service running on port 4000","service":"product-service","timestamp":"2025-10-08T14:12:58.494Z"}
{"level":"info","message":"Product Service running on port 4001","service":"product-service","timestamp":"2025-10-08T15:11:27.490Z"}
{"level":"info","message":"Product Service running on port 4001","service":"product-service","timestamp":"2025-10-08T15:20:27.218Z"}
{"level":"info","message":"Product Service running on port 4001","service":"product-service","timestamp":"2025-10-08T17:35:06.880Z"}
{"level":"info","message":"Received POST request to /api/products","service":"product-service","timestamp":"2025-10-08T17:39:56.906Z"}
{"level":"info","message":"Request body: {}","service":"product-service","timestamp":"2025-10-08T17:39:56.907Z"}
{"level":"info","message":"Received POST request to /api/products","service":"product-service","timestamp":"2025-10-08T17:41:23.172Z"}
{"level":"info","message":"Request body: {}","service":"product-service","timestamp":"2025-10-08T17:41:23.172Z"}
{"level":"info","message":"Product Service running on port 4001","service":"product-service","timestamp":"2025-10-08T17:41:40.147Z"}
{"level":"info","message":"Received POST request to /api/products","service":"product-service","timestamp":"2025-10-08T17:41:42.061Z"}
{"level":"info","message":"Request body: {}","service":"product-service","timestamp":"2025-10-08T17:41:42.062Z"}
{"level":"info","message":"Product Service running on port 4001","service":"product-service","timestamp":"2025-10-08T17:41:55.748Z"}
{"level":"info","message":"Received POST request to /api/products","service":"product-service","timestamp":"2025-10-08T17:41:56.468Z"}
{"level":"info","message":"Request body: {}","service":"product-service","timestamp":"2025-10-08T17:41:56.469Z"}
{"level":"info","message":"Received POST request to /api/products","service":"product-service","timestamp":"2025-10-08T17:42:08.811Z"}
{"level":"info","message":"Request body: {}","service":"product-service","timestamp":"2025-10-08T17:42:08.812Z"}
{"level":"info","message":"Product Service running on port 4001","service":"product-service","timestamp":"2025-10-08T17:42:16.407Z"}
{"level":"info","message":"Received POST request to /api/products","service":"product-service","timestamp":"2025-10-08T17:43:37.236Z"}
{"level":"info","message":"Request body: {}","service":"product-service","timestamp":"2025-10-08T17:43:37.237Z"}
{"level":"info","message":"Product Service running on port 4001","service":"product-service","timestamp":"2025-10-08T17:44:09.368Z"}
{"level":"info","message":"Received POST request to /api/products","service":"product-service","timestamp":"2025-10-08T17:45:14.090Z"}
{"level":"info","message":"Request body: {}","service":"product-service","timestamp":"2025-10-08T17:45:14.092Z"}
{"level":"info","message":"Product Service running on port 4001","service":"product-service","timestamp":"2025-10-08T17:47:54.816Z"}
{"level":"info","message":"Received POST request to /api/products","service":"product-service","timestamp":"2025-10-08T17:52:47.365Z"}
{"level":"info","message":"Request body: {}","service":"product-service","timestamp":"2025-10-08T17:52:47.403Z"}
{"level":"info","message":"Received POST request to /api/products","service":"product-service","timestamp":"2025-10-08T17:53:21.073Z"}
{"level":"info","message":"Request body: {}","service":"product-service","timestamp":"2025-10-08T17:53:21.074Z"}
{"level":"info","message":"Product Service running on port 4001","service":"product-service","timestamp":"2025-10-08T17:54:40.515Z"}
{"level":"info","message":"Received POST request to /api/products","service":"product-service","timestamp":"2025-10-08T17:54:41.414Z"}
{"level":"info","message":"Request body: {}","service":"product-service","timestamp":"2025-10-08T17:54:41.415Z"}
{"level":"info","message":"Received POST request to /api/products","service":"product-service","timestamp":"2025-10-08T18:05:11.316Z"}
{"level":"info","message":"Request body: {}","service":"product-service","timestamp":"2025-10-08T18:05:11.342Z"}
{"level":"info","message":"Product Service running on port 4001","service":"product-service","timestamp":"2025-10-08T18:05:31.829Z"}
{"level":"info","message":"Received POST request to /api/products","service":"product-service","timestamp":"2025-10-08T18:05:37.413Z"}
{"level":"info","message":"Request body: {}","service":"product-service","timestamp":"2025-10-08T18:05:37.414Z"}
{"level":"info","message":"Product Service running on port 4001","service":"product-service","timestamp":"2025-10-08T18:07:23.712Z"}
{"level":"info","message":"Received POST request to /api/products","service":"product-service","timestamp":"2025-10-08T18:07:25.984Z"}
{"level":"info","message":"Request body: {}","service":"product-service","timestamp":"2025-10-08T18:07:25.985Z"}
{"level":"info","message":"Product Service running on port 4001","service":"product-service","timestamp":"2025-10-09T10:53:50.214Z"}
{"level":"info","message":"Product Service running on port 4001","service":"product-service","timestamp":"2025-10-09T10:54:06.661Z"}
{"level":"info","message":"Product Service running on port 4001","service":"product-service","timestamp":"2025-10-09T10:54:10.260Z"}
{"level":"info","message":"Received POST request to /api/products","service":"product-service","timestamp":"2025-10-09T10:59:48.151Z"}
{"level":"info","message":"Request body: {}","service":"product-service","timestamp":"2025-10-09T10:59:48.184Z"}
{"level":"info","message":"Product Service running on port 4001","service":"product-service","timestamp":"2025-10-09T11:02:24.451Z"}
{"level":"info","message":"Received POST request to /api/products","service":"product-service","timestamp":"2025-10-09T11:02:27.600Z"}
{"level":"info","message":"Request body: {}","service":"product-service","timestamp":"2025-10-09T11:02:27.601Z"}
{"level":"info","message":"Received POST request to /api/products","service":"product-service","timestamp":"2025-10-09T11:03:23.194Z"}
{"level":"info","message":"Request body: {}","service":"product-service","timestamp":"2025-10-09T11:03:23.195Z"}
{"level":"info","message":"Product Service running on port 4001","service":"product-service","timestamp":"2025-10-09T11:04:09.062Z"}
{"level":"info","message":"Received POST request to /api/products","service":"product-service","timestamp":"2025-10-09T11:04:18.572Z"}
{"level":"info","message":"Request body: {}","service":"product-service","timestamp":"2025-10-09T11:04:18.573Z"}
{"level":"info","message":"Product Service running on port 4001","service":"product-service","timestamp":"2025-10-09T12:23:15.624Z"}
{"level":"info","message":"Product Service running on port 4001","service":"product-service","timestamp":"2025-10-09T12:23:23.324Z"}
{"level":"info","message":"Product Service running on port 4001","service":"product-service","timestamp":"2025-10-09T12:23:34.030Z"}
{"level":"info","message":"Product Service running on port 4001","service":"product-service","timestamp":"2025-10-09T12:23:37.832Z"}
{"level":"info","message":"Product Service running on port 4001","service":"product-service","timestamp":"2025-10-09T12:23:51.727Z"}
{"level":"info","message":"Product Service running on port 4001","service":"product-service","timestamp":"2025-10-09T12:23:54.294Z"}
{"level":"info","message":"Product Service running on port 4001","service":"product-service","timestamp":"2025-10-09T12:24:01.448Z"}
{"level":"info","message":"Product Service running on port 4001","service":"product-service","timestamp":"2025-10-09T12:24:28.148Z"}
{"level":"info","message":"Product Service running on port 4001","service":"product-service","timestamp":"2025-10-09T12:24:30.679Z"}
{"level":"info","message":"Product Service running on port 4001","service":"product-service","timestamp":"2025-10-09T12:24:36.599Z"}
{"level":"info","message":"Product Service running on port 4001","service":"product-service","timestamp":"2025-10-09T12:24:43.170Z"}
{"level":"info","message":"Product Service running on port 4001","service":"product-service","timestamp":"2025-10-09T12:24:45.953Z"}
{"level":"info","message":"Product Service running on port 4001","service":"product-service","timestamp":"2025-10-09T12:25:01.398Z"}
{"level":"info","message":"Product Service running on port 4001","service":"product-service","timestamp":"2025-10-09T12:25:06.334Z"}
{"level":"info","message":"Product Service running on port 4001","service":"product-service","timestamp":"2025-10-09T12:25:16.811Z"}
{"level":"info","message":"Product Service running on port 4001","service":"product-service","timestamp":"2025-10-09T12:25:20.179Z"}
{"level":"info","message":"Product Service running on port 4001","service":"product-service","timestamp":"2025-10-09T12:25:24.428Z"}
{"level":"info","message":"Product Service running on port 4001","service":"product-service","timestamp":"2025-10-09T12:25:31.223Z"}
{"level":"info","message":"Product Service running on port 4001","service":"product-service","timestamp":"2025-10-09T12:25:36.827Z"}
{"level":"info","message":"Product Service running on port 4001","service":"product-service","timestamp":"2025-10-09T12:25:40.702Z"}
{"level":"info","message":"Product Service running on port 4001","service":"product-service","timestamp":"2025-10-09T12:25:55.385Z"}
{"level":"info","message":"Product Service running on port 4001","service":"product-service","timestamp":"2025-10-09T12:26:06.433Z"}
{"level":"info","message":"Product Service running on port 4001","service":"product-service","timestamp":"2025-10-09T12:26:21.303Z"}
{"level":"info","message":"Product Service running on port 4001","service":"product-service","timestamp":"2025-10-09T12:26:26.782Z"}
{"level":"info","message":"Product Service running on port 4001","service":"product-service","timestamp":"2025-10-09T12:26:31.552Z"}
{"level":"info","message":"Product Service running on port 4001","service":"product-service","timestamp":"2025-10-09T12:26:40.998Z"}
{"level":"info","message":"Product Service running on port 4001","service":"product-service","timestamp":"2025-10-09T12:26:54.831Z"}
{"level":"info","message":"Product Service running on port 4001","service":"product-service","timestamp":"2025-10-09T12:26:57.536Z"}
{"level":"info","message":"Product Service running on port 4001","service":"product-service","timestamp":"2025-10-09T12:27:01.502Z"}
{"level":"info","message":"Product Service running on port 4001","service":"product-service","timestamp":"2025-10-09T12:27:08.276Z"}
{"level":"info","message":"Product Service running on port 4001","service":"product-service","timestamp":"2025-10-09T12:27:15.094Z"}
{"level":"info","message":"Product Service running on port 4001","service":"product-service","timestamp":"2025-10-09T12:27:36.918Z"}
{"level":"info","message":"Product Service running on port 4001","service":"product-service","timestamp":"2025-10-09T12:27:39.233Z"}
{"level":"info","message":"Product Service running on port 4001","service":"product-service","timestamp":"2025-10-09T12:27:42.663Z"}
{"level":"info","message":"Product Service running on port 4001","service":"product-service","timestamp":"2025-10-09T12:27:44.783Z"}
{"level":"info","message":"Product Service running on port 4001","service":"product-service","timestamp":"2025-10-09T12:29:35.547Z"}
{"level":"info","message":"Product Service running on port 4001","service":"product-service","timestamp":"2025-10-09T12:29:38.819Z"}
{"level":"info","message":"Product Service running on port 4001","service":"product-service","timestamp":"2025-10-09T12:29:45.905Z"}
{"level":"info","message":"Product Service running on port 4001","service":"product-service","timestamp":"2025-10-09T12:31:16.166Z"}
{"level":"info","message":"Product Service running on port 4001","service":"product-service","timestamp":"2025-10-09T12:31:42.332Z"}
{"level":"info","message":"Product Service running on port 4001","service":"product-service","timestamp":"2025-10-09T12:34:44.217Z"}
{"level":"info","message":"Received POST request to /api/products","service":"product-service","timestamp":"2025-10-09T12:35:20.816Z"}
{"level":"info","message":"Request body: {}","service":"product-service","timestamp":"2025-10-09T12:35:20.818Z"}
{"level":"info","message":"Received POST request to /api/products","service":"product-service","timestamp":"2025-10-09T12:35:34.710Z"}
{"level":"info","message":"Request body: {}","service":"product-service","timestamp":"2025-10-09T12:35:34.711Z"}
{"level":"info","message":"Received POST request to /api/products","service":"product-service","timestamp":"2025-10-09T12:36:56.132Z"}
{"level":"info","message":"Request body: {}","service":"product-service","timestamp":"2025-10-09T12:36:56.133Z"}
{"level":"info","message":"Product Service running on port 4001","service":"product-service","timestamp":"2025-10-09T12:37:35.684Z"}
{"level":"info","message":"Product Service running on port 4001","service":"product-service","timestamp":"2025-10-09T14:18:24.349Z"}
{"level":"info","message":"Product Service running on port 4001","service":"product-service","timestamp":"2025-10-09T14:20:24.957Z"}
{"level":"info","message":"Product Service running on port 4001","service":"product-service","timestamp":"2025-10-09T14:20:29.571Z"}
{"level":"info","message":"Received POST request to /api/products","service":"product-service","timestamp":"2025-10-09T14:20:34.438Z"}
{"level":"info","message":"Request body: {}","service":"product-service","timestamp":"2025-10-09T14:20:34.438Z"}
{"level":"info","message":"Received POST request to /api/products","service":"product-service","timestamp":"2025-10-09T14:20:56.704Z"}
{"level":"info","message":"Request body: {}","service":"product-service","timestamp":"2025-10-09T14:20:56.705Z"}
{"level":"info","message":"Received POST request to /api/products","service":"product-service","timestamp":"2025-10-09T14:21:10.838Z"}
{"level":"info","message":"Request body: {}","service":"product-service","timestamp":"2025-10-09T14:21:10.838Z"}
{"level":"info","message":"Product Service running on port 4001","service":"product-service","timestamp":"2025-10-10T12:58:50.131Z"}
{"level":"info","message":"Received POST request to /api/products","service":"product-service","timestamp":"2025-10-10T12:59:19.855Z"}
{"level":"info","message":"Request body: {}","service":"product-service","timestamp":"2025-10-10T12:59:19.856Z"}
{"level":"info","message":"Product Service running on port 4001","service":"product-service","timestamp":"2025-10-10T13:01:12.546Z"}
{"level":"info","message":"Product Service running on port 4001","service":"product-service","timestamp":"2025-10-10T13:02:31.871Z"}
{"level":"info","message":"Product Service running on port 4001","service":"product-service","timestamp":"2025-10-10T13:02:44.225Z"}
{"level":"info","message":"Received POST request to /api/products","service":"product-service","timestamp":"2025-10-10T13:03:02.159Z"}
{"level":"info","message":"Request body: {}","service":"product-service","timestamp":"2025-10-10T13:03:02.160Z"}
{"level":"info","message":"Received GET request to /api/products?skip=0&take=10","service":"product-service","timestamp":"2025-10-10T13:05:51.710Z"}
{"level":"info","message":"Request body: {}","service":"product-service","timestamp":"2025-10-10T13:05:51.711Z"}
{"level":"info","message":"Received GET request to /api/products?skip=0&take=4","service":"product-service","timestamp":"2025-10-10T13:06:08.922Z"}
{"level":"info","message":"Request body: {}","service":"product-service","timestamp":"2025-10-10T13:06:08.923Z"}
{"level":"info","message":"Product Service running on port 4001","service":"product-service","timestamp":"2025-10-10T13:08:03.122Z"}
{"level":"info","message":"Received GET request to /api/products?skip=0&take=4","service":"product-service","timestamp":"2025-10-10T13:08:18.428Z"}
{"level":"info","message":"Request body: {}","service":"product-service","timestamp":"2025-10-10T13:08:18.429Z"}
{"level":"info","message":"Received GET request to /api/products?skip=1&take=4","service":"product-service","timestamp":"2025-10-10T13:08:33.122Z"}
{"level":"info","message":"Request body: {}","service":"product-service","timestamp":"2025-10-10T13:08:33.123Z"}
{"level":"info","message":"Received GET request to /api/products?skip=1&take=4","service":"product-service","timestamp":"2025-10-10T13:09:02.991Z"}
{"level":"info","message":"Request body: {}","service":"product-service","timestamp":"2025-10-10T13:09:02.992Z"}
{"level":"info","message":"Received GET request to /api/products?skip=0&take=4","service":"product-service","timestamp":"2025-10-10T13:10:21.381Z"}
{"level":"info","message":"Request body: {}","service":"product-service","timestamp":"2025-10-10T13:10:21.382Z"}
{"level":"info","message":"Received GET request to /api/products?skip=1&take=4","service":"product-service","timestamp":"2025-10-10T13:10:56.082Z"}
{"level":"info","message":"Request body: {}","service":"product-service","timestamp":"2025-10-10T13:10:56.083Z"}
{"level":"info","message":"Received GET request to /api/products?skip=1&take=4","service":"product-service","timestamp":"2025-10-10T13:11:01.448Z"}
{"level":"info","message":"Request body: {}","service":"product-service","timestamp":"2025-10-10T13:11:01.449Z"}
{"level":"info","message":"Received GET request to /api/products/cmgkushfz0000iz6mioq11r4e","service":"product-service","timestamp":"2025-10-10T13:11:56.204Z"}
{"level":"info","message":"Request body: {}","service":"product-service","timestamp":"2025-10-10T13:11:56.204Z"}
{"level":"info","message":"Received GET request to /api/products/cmgkushfz0000iz6mioq11r4e","service":"product-service","timestamp":"2025-10-10T13:14:16.635Z"}
{"level":"info","message":"Request body: {}","service":"product-service","timestamp":"2025-10-10T13:14:16.636Z"}
{"level":"info","message":"Received GET request to /api/products?skip=1&take=6","service":"product-service","timestamp":"2025-10-10T13:14:27.162Z"}
{"level":"info","message":"Request body: {}","service":"product-service","timestamp":"2025-10-10T13:14:27.163Z"}
{"level":"info","message":"Received GET request to /api/products?skip=1&take=10","service":"product-service","timestamp":"2025-10-10T13:14:52.563Z"}
{"level":"info","message":"Request body: {}","service":"product-service","timestamp":"2025-10-10T13:14:52.563Z"}
{"level":"info","message":"Received GET request to /api/products/cmgkushfz0000iz6mioq11r4e","service":"product-service","timestamp":"2025-10-10T13:15:08.256Z"}
{"level":"info","message":"Request body: {}","service":"product-service","timestamp":"2025-10-10T13:15:08.256Z"}
{"level":"info","message":"Product Service running on port 4001","service":"product-service","timestamp":"2025-10-10T13:18:31.868Z"}
{"level":"info","message":"Product Service running on port 4001","service":"product-service","timestamp":"2025-10-10T13:18:40.961Z"}
{"level":"info","message":"Received GET request to /api/products/cmgkushfz0000iz6mioq11r4e","service":"product-service","timestamp":"2025-10-10T13:18:42.498Z"}
{"level":"info","message":"Request body: {}","service":"product-service","timestamp":"2025-10-10T13:18:42.499Z"}
{"level":"info","message":"Product Service running on port 4001","service":"product-service","timestamp":"2025-10-10T13:19:10.618Z"}
{"level":"info","message":"Received GET request to /api/products/cmgkushfz0000iz6mioq11r4e","service":"product-service","timestamp":"2025-10-10T13:19:15.475Z"}
{"level":"info","message":"Request body: {}","service":"product-service","timestamp":"2025-10-10T13:19:15.476Z"}
{"level":"info","message":"Product Service running on port 4001","service":"product-service","timestamp":"2025-10-10T13:19:38.409Z"}
{"level":"info","message":"Product Service running on port 4001","service":"product-service","timestamp":"2025-10-10T13:19:40.877Z"}
{"level":"info","message":"Received GET request to /api/products/cmgkushfz0000iz6mioq11r4e","service":"product-service","timestamp":"2025-10-10T13:19:43.204Z"}
{"level":"info","message":"Request body: {}","service":"product-service","timestamp":"2025-10-10T13:19:43.205Z"}
{"level":"info","message":"Product Service running on port 4001","service":"product-service","timestamp":"2025-10-10T13:20:18.208Z"}
{"level":"info","message":"Received GET request to /api/products/cmgkushfz0000iz6mioq11r4e","service":"product-service","timestamp":"2025-10-10T13:20:18.924Z"}
{"level":"info","message":"Request body: {}","service":"product-service","timestamp":"2025-10-10T13:20:18.925Z"}
{"level":"info","message":"Product Service running on port 4001","service":"product-service","timestamp":"2025-10-10T13:20:47.832Z"}
{"level":"info","message":"Product Service running on port 4001","service":"product-service","timestamp":"2025-10-10T13:20:55.436Z"}
{"level":"info","message":"Received GET request to /api/products/cmgkushfz0000iz6mioq11r4e","service":"product-service","timestamp":"2025-10-10T13:20:56.927Z"}
{"level":"info","message":"Request body: {}","service":"product-service","timestamp":"2025-10-10T13:20:56.929Z"}
{"level":"info","message":"Product Service running on port 4001","service":"product-service","timestamp":"2025-10-10T13:21:13.215Z"}
{"level":"info","message":"Product Service running on port 4001","service":"product-service","timestamp":"2025-10-10T13:21:16.007Z"}
{"level":"info","message":"Product Service running on port 4001","service":"product-service","timestamp":"2025-10-10T13:21:18.837Z"}
{"level":"info","message":"Product Service running on port 4001","service":"product-service","timestamp":"2025-10-10T13:21:31.182Z"}
{"level":"info","message":"Received GET request to /api/products/cmgkushfz0000iz6mioq11r4e","service":"product-service","timestamp":"2025-10-10T13:21:31.909Z"}
{"level":"info","message":"Request body: {}","service":"product-service","timestamp":"2025-10-10T13:21:31.910Z"}
{"level":"info","message":"Product Service running on port 4001","service":"product-service","timestamp":"2025-10-10T13:22:37.219Z"}
{"level":"info","message":"Product Service running on port 4001","service":"product-service","timestamp":"2025-10-10T13:22:41.244Z"}
{"level":"info","message":"Received GET request to /api/products/cmgkushfz0000iz6mioq11r4e","service":"product-service","timestamp":"2025-10-10T13:22:43.306Z"}
{"level":"info","message":"Request body: {}","service":"product-service","timestamp":"2025-10-10T13:22:43.306Z"}
{"level":"info","message":"Received PUT request to /api/products/cmgkushfz0000iz6mioq11r4e","service":"product-service","timestamp":"2025-10-10T13:23:01.119Z"}
{"level":"info","message":"Request body: {}","service":"product-service","timestamp":"2025-10-10T13:23:01.119Z"}
{"level":"info","message":"Update Request Body:","service":"product-service","timestamp":"2025-10-10T13:23:01.121Z"}
{"level":"info","message":"Product Service running on port 4001","service":"product-service","timestamp":"2025-10-10T13:23:38.918Z"}
{"level":"info","message":"Received PUT request to /api/products/cmgkushfz0000iz6mioq11r4e","service":"product-service","timestamp":"2025-10-10T13:24:11.811Z"}
{"level":"info","message":"Request body: {}","service":"product-service","timestamp":"2025-10-10T13:24:11.812Z"}
{"level":"info","message":"Product Service running on port 4001","service":"product-service","timestamp":"2025-10-10T13:24:28.131Z"}
{"level":"info","message":"Received PUT request to /api/products/cmgkushfz0000iz6mioq11r4e","service":"product-service","timestamp":"2025-10-10T13:24:32.082Z"}
{"level":"info","message":"Request body: {}","service":"product-service","timestamp":"2025-10-10T13:24:32.083Z"}
{"level":"info","message":"Product Service running on port 4001","service":"product-service","timestamp":"2025-10-10T13:25:26.090Z"}
{"level":"info","message":"Received PUT request to /api/products/cmgkushfz0000iz6mioq11r4e","service":"product-service","timestamp":"2025-10-10T13:25:27.948Z"}
{"level":"info","message":"Request body: {}","service":"product-service","timestamp":"2025-10-10T13:25:27.949Z"}
{"level":"info","message":"Received GET request to /api/products/cmgkushfz0000iz6mioq11r4e","service":"product-service","timestamp":"2025-10-10T13:26:05.850Z"}
{"level":"info","message":"Request body: {}","service":"product-service","timestamp":"2025-10-10T13:26:05.851Z"}
{"level":"info","message":"Received PUT request to /api/products/cmgkushfz0000iz6mioq11r4e","service":"product-service","timestamp":"2025-10-10T13:26:36.030Z"}
{"level":"info","message":"Request body: {}","service":"product-service","timestamp":"2025-10-10T13:26:36.031Z"}
{"level":"info","message":"Product Service running on port 4001","service":"product-service","timestamp":"2025-10-10T13:28:37.851Z"}
{"level":"info","message":"Product Service running on port 4001","service":"product-service","timestamp":"2025-10-10T13:30:00.037Z"}
{"level":"info","message":"Received PUT request to /api/products/cmgkushfz0000iz6mioq11r4e","service":"product-service","timestamp":"2025-10-10T13:30:01.719Z"}
{"level":"info","message":"Request body: {}","service":"product-service","timestamp":"2025-10-10T13:30:01.720Z"}
{"level":"info","message":"Received DELETE request to /api/products/cmgkushfz0000iz6mioq11r4e","service":"product-service","timestamp":"2025-10-10T14:27:26.442Z"}
{"level":"info","message":"Request body: {}","service":"product-service","timestamp":"2025-10-10T14:27:26.486Z"}
{"level":"info","message":"Received GET request to /api/products?skip=1&take=10","service":"product-service","timestamp":"2025-10-10T14:29:10.962Z"}
{"level":"info","message":"Request body: {}","service":"product-service","timestamp":"2025-10-10T14:29:10.963Z"}
{"level":"info","message":"Received GET request to /api/products?skip=1&take=10","service":"product-service","timestamp":"2025-10-10T14:29:24.312Z"}
{"level":"info","message":"Request body: {}","service":"product-service","timestamp":"2025-10-10T14:29:24.312Z"}
{"level":"info","message":"Received GET request to /api/products?skip=1&take=10","service":"product-service","timestamp":"2025-10-10T14:31:34.132Z"}
{"level":"info","message":"Request body: {}","service":"product-service","timestamp":"2025-10-10T14:31:34.148Z"}
{"level":"info","message":"Received DELETE request to /api/products/cmgkushfz0000iz6mioq11r4e","service":"product-service","timestamp":"2025-10-10T14:31:46.095Z"}
{"level":"info","message":"Request body: {}","service":"product-service","timestamp":"2025-10-10T14:31:46.096Z"}
{"level":"info","message":"Received GET request to /api/products?skip=1&take=10","service":"product-service","timestamp":"2025-10-10T14:32:02.659Z"}
{"level":"info","message":"Request body: {}","service":"product-service","timestamp":"2025-10-10T14:32:02.659Z"}
