{"level":"info","message":"User Service running on port 4000","service":"api-gateway","timestamp":"2025-09-12T13:33:26.958Z"}
{"level":"info","message":"User Service running on port 4000","service":"api-gateway","timestamp":"2025-09-13T11:24:28.938Z"}
{"level":"info","message":"User Service running on port 4000","service":"api-gateway","timestamp":"2025-09-13T11:26:17.478Z"}
{"level":"info","message":"User Service running on port 4000","service":"api-gateway","timestamp":"2025-09-13T11:26:23.601Z"}
{"level":"info","message":"User Service running on port function(req, res, next) {\n    app.handle(req, res, next);\n  }","service":"api-gateway","timestamp":"2025-09-13T11:26:57.874Z"}
{"level":"info","message":"User Service running on port [object Object]","service":"api-gateway","timestamp":"2025-09-13T11:27:04.934Z"}
{"level":"info","message":"User Service running on port 4000","service":"api-gateway","timestamp":"2025-09-13T11:27:08.716Z"}
{"level":"info","message":"User Service running on port 4000","service":"api-gateway","timestamp":"2025-09-13T11:27:21.751Z"}
{"level":"info","message":"User Service running on port 4000","service":"api-gateway","timestamp":"2025-09-13T11:28:09.105Z"}
{"level":"info","message":"User Service running on port 4000","service":"api-gateway","timestamp":"2025-09-13T11:32:00.538Z"}
{"level":"info","message":"User Service running on port 4000","service":"api-gateway","timestamp":"2025-09-13T11:32:28.828Z"}
{"level":"info","message":"User Service running on port 4000","service":"api-gateway","timestamp":"2025-09-13T11:32:38.252Z"}
{"level":"info","message":"User Service running on port 4000","service":"api-gateway","timestamp":"2025-09-13T11:32:44.273Z"}
{"level":"info","message":"User Service running on port 4000","service":"api-gateway","timestamp":"2025-09-13T11:32:47.042Z"}
{"level":"info","message":"User Service running on port 4000","service":"api-gateway","timestamp":"2025-09-13T11:32:52.886Z"}
{"level":"info","message":"User Service running on port 4000","service":"api-gateway","timestamp":"2025-09-13T11:34:41.244Z"}
{"level":"info","message":"User Service running on port 4000","service":"api-gateway","timestamp":"2025-09-13T11:34:45.281Z"}
{"level":"info","message":"User Service running on port 4000","service":"api-gateway","timestamp":"2025-09-13T11:34:47.617Z"}
{"level":"info","message":"User Service running on port 4000","service":"api-gateway","timestamp":"2025-09-13T11:34:52.235Z"}
{"level":"info","message":"User Service running on port 4000","service":"api-gateway","timestamp":"2025-09-13T11:34:54.950Z"}
{"level":"info","message":"User Service running on port 4000","service":"api-gateway","timestamp":"2025-09-13T11:34:59.314Z"}
{"level":"info","message":"User Service running on port 4000","service":"api-gateway","timestamp":"2025-09-13T11:36:38.375Z"}
{"level":"info","message":"User Service running on port 4000","service":"api-gateway","timestamp":"2025-09-13T11:39:20.998Z"}
{"level":"info","message":"User Service running on port 4000","service":"api-gateway","timestamp":"2025-09-13T11:40:10.734Z"}
{"level":"info","message":"User Service running on port 4000","service":"api-gateway","timestamp":"2025-09-13T11:40:14.621Z"}
{"level":"info","message":"User Service running on port 4000","service":"api-gateway","timestamp":"2025-09-13T11:40:22.236Z"}
{"level":"info","message":"User Service running on port 4000","service":"api-gateway","timestamp":"2025-09-13T11:41:25.613Z"}
{"level":"info","message":"User Service running on port 4000","service":"api-gateway","timestamp":"2025-09-13T11:41:57.691Z"}
{"level":"info","message":"User Service running on port 4000","service":"api-gateway","timestamp":"2025-09-13T11:42:05.344Z"}
{"level":"info","message":"User Service running on port 4000","service":"api-gateway","timestamp":"2025-09-13T11:42:12.798Z"}
{"level":"info","message":"User Service running on port 4000","service":"api-gateway","timestamp":"2025-09-13T11:42:16.315Z"}
{"level":"info","message":"User Service running on port 4000","service":"api-gateway","timestamp":"2025-09-13T11:42:24.234Z"}
{"level":"info","message":"User Service running on port 4000","service":"api-gateway","timestamp":"2025-09-13T11:42:29.010Z"}
{"level":"info","message":"User Service running on port 4000","service":"api-gateway","timestamp":"2025-09-13T11:42:32.811Z"}
{"level":"info","message":"User Service running on port 4000","service":"api-gateway","timestamp":"2025-09-13T11:42:39.172Z"}
{"level":"info","message":"User Service running on port 4000","service":"api-gateway","timestamp":"2025-09-13T11:43:22.080Z"}
{"level":"info","message":"User Service running on port 4000","service":"api-gateway","timestamp":"2025-09-13T11:44:47.697Z"}
{"level":"info","message":"User Service running on port 4000","service":"api-gateway","timestamp":"2025-09-13T11:44:50.964Z"}
{"level":"info","message":"User Service running on port 4000","service":"api-gateway","timestamp":"2025-09-13T11:44:59.158Z"}
{"level":"info","message":"User Service running on port 4000","service":"api-gateway","timestamp":"2025-09-13T11:45:20.769Z"}
{"level":"info","message":"User Service running on port 4000","service":"api-gateway","timestamp":"2025-09-13T11:48:35.072Z"}
{"level":"info","message":"User Service running on port 4000","service":"api-gateway","timestamp":"2025-09-13T11:48:39.515Z"}
{"level":"info","message":"User Service running on port 4000","service":"api-gateway","timestamp":"2025-09-13T11:48:54.567Z"}
{"level":"info","message":"User Service running on port 4000","service":"api-gateway","timestamp":"2025-09-13T11:48:59.800Z"}
{"level":"info","message":"User Service running on port 4000","service":"api-gateway","timestamp":"2025-09-13T11:49:03.055Z"}
{"level":"info","message":"Register endpoint called","service":"api-gateway","timestamp":"2025-09-13T11:49:16.143Z"}
{"0":"9","1":"a","10":"1","11":"a","12":"f","13":"-","14":"4","15":"0","16":"1","17":"7","18":"-","19":"a","2":"4","20":"1","21":"5","22":"e","23":"-","24":"8","25":"7","26":"3","27":"b","28":"8","29":"6","3":"6","30":"2","31":"2","32":"0","33":"9","34":"9","35":"b","4":"4","5":"5","6":"2","7":"9","8":"-","9":"3","level":"info","message":"User registered","service":"api-gateway","timestamp":"2025-09-13T11:49:21.566Z"}
{"level":"info","message":"User Service running on port 4000","service":"api-gateway","timestamp":"2025-09-13T11:50:48.291Z"}
{"level":"info","message":"Register endpoint called","service":"api-gateway","timestamp":"2025-09-13T11:50:54.606Z"}
{"0":"6","1":"f","10":"a","11":"1","12":"b","13":"-","14":"4","15":"9","16":"6","17":"1","18":"-","19":"8","2":"c","20":"2","21":"5","22":"e","23":"-","24":"8","25":"e","26":"e","27":"2","28":"9","29":"5","3":"0","30":"6","31":"0","32":"3","33":"d","34":"2","35":"2","4":"d","5":"f","6":"0","7":"5","8":"-","9":"3","level":"info","message":"User registered","service":"api-gateway","timestamp":"2025-09-13T11:50:56.373Z"}
{"level":"info","message":"User Service running on port 4000","service":"api-gateway","timestamp":"2025-09-13T11:51:10.540Z"}
{"level":"info","message":"Register endpoint called","service":"api-gateway","timestamp":"2025-09-13T11:51:15.297Z"}
{"0":"T","1":"o","2":"c","3":"h","4":"u","5":"k","6":"w","7":"u","8":"2","level":"info","message":"User registered","service":"api-gateway","timestamp":"2025-09-13T11:51:16.727Z"}
{"level":"info","message":"User Service running on port 4000","service":"api-gateway","timestamp":"2025-09-13T11:51:47.052Z"}
{"level":"info","message":"User Service running on port 4000","service":"api-gateway","timestamp":"2025-09-13T11:52:05.418Z"}
{"level":"info","message":"User Service running on port 4000","service":"api-gateway","timestamp":"2025-09-13T11:52:10.372Z"}
{"level":"info","message":"Register endpoint called","service":"api-gateway","timestamp":"2025-09-13T11:52:15.377Z"}
{"email":"tobytc11@gmail.com","level":"info","message":"User registered","service":"api-gateway","timestamp":"2025-09-13T11:52:16.854Z","userId":"1571dbbe-6e32-44a5-9324-7137ff11344b"}
{"level":"info","message":"User Service running on port 4000","service":"api-gateway","timestamp":"2025-09-13T11:52:37.710Z"}
{"level":"info","message":"Register endpoint called","service":"api-gateway","timestamp":"2025-09-13T11:52:41.910Z"}
{"level":"info","message":"User registered","service":"api-gateway","timestamp":"2025-09-13T11:52:43.679Z","userId":"98d398d6-d3f9-4db5-bc7e-32febd188a6f"}
{"level":"info","message":"User Service running on port 4000","service":"api-gateway","timestamp":"2025-09-13T11:53:10.255Z"}
{"level":"info","message":"User Service running on port 4000","service":"api-gateway","timestamp":"2025-09-13T11:53:14.113Z"}
{"level":"info","message":"User Service running on port 4000","service":"api-gateway","timestamp":"2025-09-13T11:53:26.321Z"}
{"level":"info","message":"User Service running on port 4000","service":"api-gateway","timestamp":"2025-09-13T11:53:43.757Z"}
{"level":"info","message":"User Service running on port 4000","service":"api-gateway","timestamp":"2025-09-13T11:53:46.944Z"}
{"level":"info","message":"User Service running on port 4000","service":"api-gateway","timestamp":"2025-09-13T11:57:55.504Z"}
{"level":"info","message":"User Service running on port 4000","service":"api-gateway","timestamp":"2025-09-13T11:57:58.158Z"}
{"level":"info","message":"User Service running on port 4000","service":"api-gateway","timestamp":"2025-09-13T11:58:07.073Z"}
{"level":"info","message":"User Service running on port 4000","service":"api-gateway","timestamp":"2025-09-13T11:58:14.582Z"}
{"level":"info","message":"User Service running on port 4000","service":"api-gateway","timestamp":"2025-09-18T23:52:47.611Z"}
{"level":"info","message":"Login endpoint called","service":"api-gateway","timestamp":"2025-09-18T23:57:44.806Z"}
{"level":"info","message":"User Service running on port 4000","service":"api-gateway","timestamp":"2025-09-18T23:59:38.460Z"}
{"level":"info","message":"User Service running on port 4000","service":"api-gateway","timestamp":"2025-09-18T23:59:55.702Z"}
{"level":"info","message":"User Service running on port 4000","service":"api-gateway","timestamp":"2025-09-19T00:00:07.972Z"}
{"level":"info","message":"User Service running on port 4000","service":"api-gateway","timestamp":"2025-09-19T00:00:14.898Z"}
{"level":"info","message":"User Service running on port 4000","service":"api-gateway","timestamp":"2025-09-19T00:00:17.445Z"}
{"level":"info","message":"User Service running on port 4000","service":"api-gateway","timestamp":"2025-09-19T00:00:19.509Z"}
{"level":"info","message":"User Service running on port 4000","service":"api-gateway","timestamp":"2025-09-19T00:00:35.429Z"}
{"level":"info","message":"User Service running on port 4000","service":"api-gateway","timestamp":"2025-09-19T00:00:37.511Z"}
{"level":"info","message":"User Service running on port 4000","service":"api-gateway","timestamp":"2025-09-19T00:00:41.795Z"}
{"level":"info","message":"User Service running on port 4000","service":"api-gateway","timestamp":"2025-09-19T00:00:49.397Z"}
{"level":"info","message":"User Service running on port 4000","service":"api-gateway","timestamp":"2025-09-19T00:00:54.057Z"}
{"level":"info","message":"User Service running on port 4000","service":"api-gateway","timestamp":"2025-09-19T00:13:29.964Z"}
{"level":"info","message":"User Service running on port 4000","service":"api-gateway","timestamp":"2025-09-19T00:13:33.014Z"}
{"level":"info","message":"User Service running on port 4000","service":"api-gateway","timestamp":"2025-09-19T00:13:47.271Z"}
{"level":"info","message":"User Service running on port 4000","service":"api-gateway","timestamp":"2025-09-19T00:13:50.672Z"}
{"level":"info","message":"User Service running on port 4000","service":"api-gateway","timestamp":"2025-09-19T00:13:53.131Z"}
{"level":"info","message":"User Service running on port 4000","service":"api-gateway","timestamp":"2025-09-19T00:13:55.546Z"}
{"level":"info","message":"User Service running on port 4000","service":"api-gateway","timestamp":"2025-09-19T00:13:58.807Z"}
{"level":"info","message":"User Service running on port 4000","service":"api-gateway","timestamp":"2025-09-19T00:14:02.416Z"}
{"level":"info","message":"User Service running on port 4000","service":"api-gateway","timestamp":"2025-09-19T00:14:08.383Z"}
{"level":"info","message":"User Service running on port 4000","service":"api-gateway","timestamp":"2025-09-19T00:14:11.657Z"}
{"level":"info","message":"User Service running on port 4000","service":"api-gateway","timestamp":"2025-09-19T00:14:13.844Z"}
{"level":"info","message":"User Service running on port 4000","service":"api-gateway","timestamp":"2025-09-19T00:14:16.029Z"}
{"level":"info","message":"User Service running on port 4000","service":"api-gateway","timestamp":"2025-09-19T00:14:17.971Z"}
{"level":"info","message":"User Service running on port 4000","service":"api-gateway","timestamp":"2025-09-19T00:14:59.820Z"}
{"level":"info","message":"User Service running on port 4000","service":"api-gateway","timestamp":"2025-09-19T00:15:05.045Z"}
{"level":"info","message":"User Service running on port 4000","service":"api-gateway","timestamp":"2025-09-19T00:15:08.805Z"}
{"level":"info","message":"User Service running on port 4000","service":"api-gateway","timestamp":"2025-09-19T00:15:10.918Z"}
{"level":"info","message":"User Service running on port 4000","service":"api-gateway","timestamp":"2025-09-19T00:15:15.892Z"}
{"level":"info","message":"User Service running on port 4000","service":"api-gateway","timestamp":"2025-09-19T00:15:19.191Z"}
{"level":"info","message":"User Service running on port 4000","service":"api-gateway","timestamp":"2025-09-19T00:15:31.618Z"}
{"level":"info","message":"User Service running on port 4000","service":"api-gateway","timestamp":"2025-09-19T00:15:46.505Z"}
{"level":"info","message":"User Service running on port 4000","service":"api-gateway","timestamp":"2025-09-19T00:15:49.207Z"}
{"level":"info","message":"User Service running on port 4000","service":"api-gateway","timestamp":"2025-09-19T00:18:05.781Z"}
{"level":"info","message":"User Service running on port 4000","service":"api-gateway","timestamp":"2025-09-19T00:18:40.519Z"}
{"level":"info","message":"User Service running on port 4000","service":"api-gateway","timestamp":"2025-09-19T00:18:43.815Z"}
{"level":"info","message":"User Service running on port 4000","service":"api-gateway","timestamp":"2025-09-19T00:19:36.313Z"}
{"level":"info","message":"User Service running on port 4000","service":"api-gateway","timestamp":"2025-09-19T00:19:47.045Z"}
{"level":"info","message":"User Service running on port 4000","service":"api-gateway","timestamp":"2025-09-19T00:20:02.887Z"}
{"level":"info","message":"User Service running on port 4000","service":"api-gateway","timestamp":"2025-09-19T00:20:11.707Z"}
{"level":"info","message":"User Service running on port 4000","service":"api-gateway","timestamp":"2025-09-19T00:20:13.773Z"}
{"level":"info","message":"User Service running on port 4000","service":"api-gateway","timestamp":"2025-09-19T00:20:19.690Z"}
{"level":"info","message":"User Service running on port 4000","service":"api-gateway","timestamp":"2025-09-19T00:20:42.859Z"}
{"level":"info","message":"User Service running on port 4000","service":"api-gateway","timestamp":"2025-09-19T00:20:48.147Z"}
{"level":"info","message":"User Service running on port 4000","service":"api-gateway","timestamp":"2025-09-19T00:20:53.603Z"}
{"level":"info","message":"User Service running on port 4000","service":"api-gateway","timestamp":"2025-09-19T00:21:01.456Z"}
{"level":"info","message":"User Service running on port 4000","service":"api-gateway","timestamp":"2025-09-19T00:23:46.796Z"}
{"level":"info","message":"User Service running on port 4000","service":"api-gateway","timestamp":"2025-09-19T00:27:23.125Z"}
{"level":"info","message":"User Service running on port 4000","service":"api-gateway","timestamp":"2025-09-22T16:59:12.488Z"}
{"level":"info","message":"User Service running on port 4000","service":"api-gateway","timestamp":"2025-09-22T20:28:57.370Z"}
{"level":"info","message":"User Service running on port 4000","service":"api-gateway","timestamp":"2025-09-25T10:46:28.889Z"}
{"0":"I","1":"n","10":"e","11":"d","12":"e","13":"n","14":"t","15":"i","16":"a","17":"l","18":"s","2":"v","3":"a","4":"l","5":"i","6":"d","7":" ","8":"c","9":"r","level":"warn","message":"Login failed","service":"api-gateway","timestamp":"2025-09-25T10:47:25.630Z"}
{"level":"info","message":"User Service running on port 4000","service":"api-gateway","timestamp":"2025-09-25T10:47:50.728Z"}
{"level":"info","message":"User Service running on port 4000","service":"api-gateway","timestamp":"2025-09-25T10:47:55.764Z"}
{"level":"info","message":"User Service running on port 4000","service":"api-gateway","timestamp":"2025-09-25T10:48:02.062Z"}
{"level":"info","message":"User Service running on port 4000","service":"api-gateway","timestamp":"2025-09-25T10:48:43.901Z"}
{"level":"info","message":"User Service running on port 4000","service":"api-gateway","timestamp":"2025-09-25T10:48:49.917Z"}
{"level":"info","message":"User Service running on port 4000","service":"api-gateway","timestamp":"2025-09-25T10:50:17.695Z"}
{"level":"info","message":"User Service running on port 4000","service":"api-gateway","timestamp":"2025-09-25T10:50:35.093Z"}
{"level":"info","message":"User Service running on port 4000","service":"api-gateway","timestamp":"2025-09-25T10:50:42.883Z"}
{"level":"info","message":"User Service running on port 4000","service":"api-gateway","timestamp":"2025-09-25T10:50:45.303Z"}
{"level":"info","message":"User Service running on port 4000","service":"api-gateway","timestamp":"2025-09-25T10:50:54.971Z"}
{"level":"info","message":"User Service running on port 4000","service":"api-gateway","timestamp":"2025-09-25T10:50:58.753Z"}
{"level":"error","message":"Error refreshing token Invalid or expired token","service":"api-gateway","stack":"Error: Invalid or expired token\n    at UserService.refreshToken (C:\\Users\\Tochukwu Udeh\\Desktop\\TOCHUKWU\\SOFTWARE PROJECTS\\ecommerce\\UserService\\src\\services\\authService.ts:36:13)\n    at processTicksAndRejections (node:internal/process/task_queues:105:5)\n    at async refreshToken (C:\\Users\\Tochukwu Udeh\\Desktop\\TOCHUKWU\\SOFTWARE PROJECTS\\ecommerce\\UserService\\src\\controllers\\authController.ts:38:22)","timestamp":"2025-09-25T10:55:09.559Z"}
{"level":"error","message":"Error refreshing token Invalid or expired token","service":"api-gateway","stack":"Error: Invalid or expired token\n    at UserService.refreshToken (C:\\Users\\Tochukwu Udeh\\Desktop\\TOCHUKWU\\SOFTWARE PROJECTS\\ecommerce\\UserService\\src\\services\\authService.ts:36:13)\n    at processTicksAndRejections (node:internal/process/task_queues:105:5)\n    at async refreshToken (C:\\Users\\Tochukwu Udeh\\Desktop\\TOCHUKWU\\SOFTWARE PROJECTS\\ecommerce\\UserService\\src\\controllers\\authController.ts:38:22)","timestamp":"2025-09-25T10:55:34.352Z"}
{"level":"info","message":"User Service running on port 4000","service":"api-gateway","timestamp":"2025-09-25T22:06:49.918Z"}
{"level":"info","message":"User Service running on port 4000","service":"api-gateway","timestamp":"2025-09-27T00:01:04.739Z"}
{"level":"info","message":"User Service running on port 4000","service":"api-gateway","timestamp":"2025-09-27T00:01:24.885Z"}
